<?xml version="1.0" encoding="UTF-8"?>
<!-- Generated by org.testng.reporters.JUnitXMLReporter -->
<testsuite ignored="0" hostname="Manul-W" failures="0" tests="3" name="Default test" time="16.717" errors="0" timestamp="2021-06-03T03:49:14 IST">
  <testcase classname="util.ExcelDataProvider" name="test1" time="5.67"/>
  <testcase classname="util.ExcelDataProvider" name="test1" time="2.649"/>
  <testcase classname="util.ExcelDataProvider" name="test1" time="2.886"/>
</testsuite> <!-- Default test -->
