<?xml version="1.0" encoding="UTF-8"?>
<!-- Generated by org.testng.reporters.JUnitXMLReporter -->
<testsuite ignored="0" hostname="Manul-W" failures="0" tests="3" name="Default test" time="17.434" errors="0" timestamp="2021-06-02T21:53:32 IST">
  <testcase classname="util.ExcelDataProvider" name="test1" time="5.479"/>
  <testcase classname="util.ExcelDataProvider" name="test1" time="3.595"/>
  <testcase classname="util.ExcelDataProvider" name="test1" time="3.555"/>
</testsuite> <!-- Default test -->
