<?xml version="1.0" encoding="UTF-8"?>
<testng-results ignored="0" total="3" passed="3" failed="0" skipped="0">
  <reporter-output>
  </reporter-output>
  <suite started-at="2021-06-02T21:53:15 IST" name="Default suite" finished-at="2021-06-02T21:53:32 IST" duration-ms="17434">
    <groups>
    </groups>
    <test started-at="2021-06-02T21:53:15 IST" name="Default test" finished-at="2021-06-02T21:53:32 IST" duration-ms="17434">
      <class name="util.ExcelDataProvider">
        <test-method is-config="true" signature="setUpTest()[pri:0, instance:util.ExcelDataProvider@5e0826e7]" started-at="2021-06-02T21:53:15 IST" name="setUpTest" finished-at="2021-06-02T21:53:18 IST" duration-ms="3286" status="PASS">
          <reporter-output>
          </reporter-output>
        </test-method> <!-- setUpTest -->
        <test-method signature="test1(java.lang.String,java.lang.String)[pri:0, instance:util.ExcelDataProvider@5e0826e7]" started-at="2021-06-02T21:53:19 IST" name="test1" data-provider="test1data" finished-at="2021-06-02T21:53:25 IST" duration-ms="5479" status="PASS">
          <params>
            <param index="0">
              <value>
                <![CDATA[Mark ]]>
              </value>
            </param>
            <param index="1">
              <value>
                <![CDATA[abc123]]>
              </value>
            </param>
          </params>
          <reporter-output>
          </reporter-output>
        </test-method> <!-- test1 -->
        <test-method signature="test1(java.lang.String,java.lang.String)[pri:0, instance:util.ExcelDataProvider@5e0826e7]" started-at="2021-06-02T21:53:25 IST" name="test1" data-provider="test1data" finished-at="2021-06-02T21:53:29 IST" duration-ms="3595" status="PASS">
          <params>
            <param index="0">
              <value>
                <![CDATA[James]]>
              </value>
            </param>
            <param index="1">
              <value>
                <![CDATA[abc456]]>
              </value>
            </param>
          </params>
          <reporter-output>
          </reporter-output>
        </test-method> <!-- test1 -->
        <test-method signature="test1(java.lang.String,java.lang.String)[pri:0, instance:util.ExcelDataProvider@5e0826e7]" started-at="2021-06-02T21:53:29 IST" name="test1" data-provider="test1data" finished-at="2021-06-02T21:53:32 IST" duration-ms="3555" status="PASS">
          <params>
            <param index="0">
              <value>
                <![CDATA[Hannah]]>
              </value>
            </param>
            <param index="1">
              <value>
                <![CDATA[abc789]]>
              </value>
            </param>
          </params>
          <reporter-output>
          </reporter-output>
        </test-method> <!-- test1 -->
        <test-method is-config="true" signature="tearDown()[pri:0, instance:util.ExcelDataProvider@5e0826e7]" started-at="2021-06-02T21:53:32 IST" name="tearDown" finished-at="2021-06-02T21:53:32 IST" duration-ms="329" status="PASS">
          <reporter-output>
          </reporter-output>
        </test-method> <!-- tearDown -->
      </class> <!-- util.ExcelDataProvider -->
    </test> <!-- Default test -->
  </suite> <!-- Default suite -->
</testng-results>
