<?xml version="1.0" encoding="UTF-8"?>
<testng-results ignored="0" total="3" passed="3" failed="0" skipped="0">
  <reporter-output>
  </reporter-output>
  <suite started-at="2021-06-03T03:48:58 IST" name="Default suite" finished-at="2021-06-03T03:49:14 IST" duration-ms="16717">
    <groups>
    </groups>
    <test started-at="2021-06-03T03:48:58 IST" name="Default test" finished-at="2021-06-03T03:49:14 IST" duration-ms="16717">
      <class name="util.ExcelDataProvider">
        <test-method is-config="true" signature="setUpTest()[pri:0, instance:util.ExcelDataProvider@6dc17b83]" started-at="2021-06-03T03:48:58 IST" name="setUpTest" finished-at="2021-06-03T03:49:01 IST" duration-ms="3484" status="PASS">
          <reporter-output>
          </reporter-output>
        </test-method> <!-- setUpTest -->
        <test-method signature="test1(java.lang.String,java.lang.String)[pri:0, instance:util.ExcelDataProvider@6dc17b83]" started-at="2021-06-03T03:49:03 IST" name="test1" data-provider="test1data" finished-at="2021-06-03T03:49:08 IST" duration-ms="5670" status="PASS">
          <params>
            <param index="0">
              <value>
                <![CDATA[Mark ]]>
              </value>
            </param>
            <param index="1">
              <value>
                <![CDATA[abc123]]>
              </value>
            </param>
          </params>
          <reporter-output>
          </reporter-output>
        </test-method> <!-- test1 -->
        <test-method signature="test1(java.lang.String,java.lang.String)[pri:0, instance:util.ExcelDataProvider@6dc17b83]" started-at="2021-06-03T03:49:08 IST" name="test1" data-provider="test1data" finished-at="2021-06-03T03:49:11 IST" duration-ms="2649" status="PASS">
          <params>
            <param index="0">
              <value>
                <![CDATA[James]]>
              </value>
            </param>
            <param index="1">
              <value>
                <![CDATA[abc456]]>
              </value>
            </param>
          </params>
          <reporter-output>
          </reporter-output>
        </test-method> <!-- test1 -->
        <test-method signature="test1(java.lang.String,java.lang.String)[pri:0, instance:util.ExcelDataProvider@6dc17b83]" started-at="2021-06-03T03:49:11 IST" name="test1" data-provider="test1data" finished-at="2021-06-03T03:49:14 IST" duration-ms="2886" status="PASS">
          <params>
            <param index="0">
              <value>
                <![CDATA[Hannah]]>
              </value>
            </param>
            <param index="1">
              <value>
                <![CDATA[abc789]]>
              </value>
            </param>
          </params>
          <reporter-output>
          </reporter-output>
        </test-method> <!-- test1 -->
        <test-method is-config="true" signature="tearDown()[pri:0, instance:util.ExcelDataProvider@6dc17b83]" started-at="2021-06-03T03:49:14 IST" name="tearDown" finished-at="2021-06-03T03:49:14 IST" duration-ms="500" status="PASS">
          <reporter-output>
          </reporter-output>
        </test-method> <!-- tearDown -->
      </class> <!-- util.ExcelDataProvider -->
    </test> <!-- Default test -->
  </suite> <!-- Default suite -->
</testng-results>
